<html>
<head>
<title>TestNG:  Test</title>
<link href="../testng.css" rel="stylesheet" type="text/css" />
<link href="../my-testng.css" rel="stylesheet" type="text/css" />

<style type="text/css">
.log { display: none;} 
.stack-trace { display: none;} 
</style>
<script type="text/javascript">
<!--
function flip(e) {
  current = e.style.display;
  if (current == 'block') {
    e.style.display = 'none';
    return 0;
  }
  else {
    e.style.display = 'block';
    return 1;
  }
}

function toggleBox(szDivId, elem, msg1, msg2)
{
  var res = -1;  if (document.getElementById) {
    res = flip(document.getElementById(szDivId));
  }
  else if (document.all) {
    // this is the way old msie versions work
    res = flip(document.all[szDivId]);
  }
  if(elem) {
    if(res == 0) elem.innerHTML = msg1; else elem.innerHTML = msg2;
  }

}

function toggleAllBoxes() {
  if (document.getElementsByTagName) {
    d = document.getElementsByTagName('div');
    for (i = 0; i < d.length; i++) {
      if (d[i].className == 'log') {
        flip(d[i]);
      }
    }
  }
}

// -->
</script>

</head>
<body>
<h2 align='center'>Test</h2><table border='1' align="center">
<tr>
<td>Tests passed/Failed/Skipped:</td><td>0/1/3</td>
</tr><tr>
<td>Started on:</td><td>Fri Mar 22 09:18:23 IST 2024</td>
</tr>
<tr><td>Total time:</td><td>333 seconds (333436 ms)</td>
</tr><tr>
<td>Included groups:</td><td></td>
</tr><tr>
<td>Excluded groups:</td><td></td>
</tr>
</table><p/>
<small><i>(Hover the method name to see the test class name)</i></small><p/>
<table width='100%' border='1' class='invocation-failed'>
<tr><td colspan='4' align='center'><b>FAILED TESTS</b></td></tr>
<tr><td><b>Test method</b></td>
<td><b>Attribute(s)</b></td>
<td width="30%"><b>Exception</b></td>
<td width="10%"><b>Time (seconds)</b></td>
<td><b>Instance</b></td>
</tr>
<tr>
<td title='runners.UserAuthTest.runScenario()'><b>runScenario</b><br>Test class: runners.UserAuthTest<br>Test method: Runs Cucumber Scenarios<br>Parameters: "Valid User Login", "User Authentication"</td>
<td><div><pre>java.lang.AssertionError: expected [Swag Labs1] but found [Swag Labs]
	at stepDefs.Login.i_should_be_redirected_to_the_dashboard(Login.java:45)
	at ?.I should be redirected to the dashboard(file:///C:/Users/Venkatesh/git/seleniumTest/Seleniumtest/src/test/resources/Features/Login.feature:10)
... Removed 6 stack frames</pre></div><a href='#' onClick='toggleBox("stack-trace368040556", this, "Click to show all stack frames", "Click to hide stack frames")'>Click to show all stack frames</a>
<div class='stack-trace' id='stack-trace368040556'><pre>java.lang.AssertionError: expected [Swag Labs1] but found [Swag Labs]
	at org.testng.Assert.fail(Assert.java:111)
	at org.testng.Assert.failNotEquals(Assert.java:1578)
	at org.testng.Assert.assertEqualsImpl(Assert.java:150)
	at org.testng.Assert.assertEquals(Assert.java:132)
	at org.testng.Assert.assertEquals(Assert.java:656)
	at org.testng.Assert.assertEquals(Assert.java:666)
	at stepDefs.Login.i_should_be_redirected_to_the_dashboard(Login.java:45)
	at ?.I should be redirected to the dashboard(file:///C:/Users/Venkatesh/git/seleniumTest/Seleniumtest/src/test/resources/Features/Login.feature:10)
</pre></div></td>
<td>66</td>
<td>runners.UserAuthTest@26794848</td></tr>
</table><p>
<table width='100%' border='1' class='invocation-skipped'>
<tr><td colspan='4' align='center'><b>SKIPPED TESTS</b></td></tr>
<tr><td><b>Test method</b></td>
<td><b>Attribute(s)</b></td>
<td width="30%"><b>Exception</b></td>
<td width="10%"><b>Time (seconds)</b></td>
<td><b>Instance</b></td>
</tr>
<tr>
<td title='runners.UserAuthTest.runScenario()'><b>runScenario</b><br>Test class: runners.UserAuthTest<br>Test method: Runs Cucumber Scenarios<br>Parameters: "Valid User Login", "User Authentication"</td>
<td><div><pre>java.lang.AssertionError: expected [Swag Labs1] but found [Swag Labs]
	at stepDefs.Login.i_should_be_redirected_to_the_dashboard(Login.java:45)
	at ?.I should be redirected to the dashboard(file:///C:/Users/Venkatesh/git/seleniumTest/Seleniumtest/src/test/resources/Features/Login.feature:10)
... Removed 6 stack frames</pre></div><a href='#' onClick='toggleBox("stack-trace901852282", this, "Click to show all stack frames", "Click to hide stack frames")'>Click to show all stack frames</a>
<div class='stack-trace' id='stack-trace901852282'><pre>java.lang.AssertionError: expected [Swag Labs1] but found [Swag Labs]
	at org.testng.Assert.fail(Assert.java:111)
	at org.testng.Assert.failNotEquals(Assert.java:1578)
	at org.testng.Assert.assertEqualsImpl(Assert.java:150)
	at org.testng.Assert.assertEquals(Assert.java:132)
	at org.testng.Assert.assertEquals(Assert.java:656)
	at org.testng.Assert.assertEquals(Assert.java:666)
	at stepDefs.Login.i_should_be_redirected_to_the_dashboard(Login.java:45)
	at ?.I should be redirected to the dashboard(file:///C:/Users/Venkatesh/git/seleniumTest/Seleniumtest/src/test/resources/Features/Login.feature:10)
</pre></div></td>
<td>51</td>
<td>runners.UserAuthTest@26794848</td></tr>
<tr>
<td title='runners.UserAuthTest.runScenario()'><b>runScenario</b><br>Test class: runners.UserAuthTest<br>Test method: Runs Cucumber Scenarios<br>Parameters: "Valid User Login", "User Authentication"</td>
<td><div><pre>java.lang.AssertionError: expected [Swag Labs1] but found [Swag Labs]
	at stepDefs.Login.i_should_be_redirected_to_the_dashboard(Login.java:45)
	at ?.I should be redirected to the dashboard(file:///C:/Users/Venkatesh/git/seleniumTest/Seleniumtest/src/test/resources/Features/Login.feature:10)
... Removed 6 stack frames</pre></div><a href='#' onClick='toggleBox("stack-trace593308118", this, "Click to show all stack frames", "Click to hide stack frames")'>Click to show all stack frames</a>
<div class='stack-trace' id='stack-trace593308118'><pre>java.lang.AssertionError: expected [Swag Labs1] but found [Swag Labs]
	at org.testng.Assert.fail(Assert.java:111)
	at org.testng.Assert.failNotEquals(Assert.java:1578)
	at org.testng.Assert.assertEqualsImpl(Assert.java:150)
	at org.testng.Assert.assertEquals(Assert.java:132)
	at org.testng.Assert.assertEquals(Assert.java:656)
	at org.testng.Assert.assertEquals(Assert.java:666)
	at stepDefs.Login.i_should_be_redirected_to_the_dashboard(Login.java:45)
	at ?.I should be redirected to the dashboard(file:///C:/Users/Venkatesh/git/seleniumTest/Seleniumtest/src/test/resources/Features/Login.feature:10)
</pre></div></td>
<td>109</td>
<td>runners.UserAuthTest@26794848</td></tr>
<tr>
<td title='runners.UserAuthTest.runScenario()'><b>runScenario</b><br>Test class: runners.UserAuthTest<br>Test method: Runs Cucumber Scenarios<br>Parameters: "Valid User Login", "User Authentication"</td>
<td><div><pre>java.lang.AssertionError: expected [Swag Labs1] but found [Swag Labs]
	at stepDefs.Login.i_should_be_redirected_to_the_dashboard(Login.java:45)
	at ?.I should be redirected to the dashboard(file:///C:/Users/Venkatesh/git/seleniumTest/Seleniumtest/src/test/resources/Features/Login.feature:10)
... Removed 6 stack frames</pre></div><a href='#' onClick='toggleBox("stack-trace132461369", this, "Click to show all stack frames", "Click to hide stack frames")'>Click to show all stack frames</a>
<div class='stack-trace' id='stack-trace132461369'><pre>java.lang.AssertionError: expected [Swag Labs1] but found [Swag Labs]
	at org.testng.Assert.fail(Assert.java:111)
	at org.testng.Assert.failNotEquals(Assert.java:1578)
	at org.testng.Assert.assertEqualsImpl(Assert.java:150)
	at org.testng.Assert.assertEquals(Assert.java:132)
	at org.testng.Assert.assertEquals(Assert.java:656)
	at org.testng.Assert.assertEquals(Assert.java:666)
	at stepDefs.Login.i_should_be_redirected_to_the_dashboard(Login.java:45)
	at ?.I should be redirected to the dashboard(file:///C:/Users/Venkatesh/git/seleniumTest/Seleniumtest/src/test/resources/Features/Login.feature:10)
</pre></div></td>
<td>67</td>
<td>runners.UserAuthTest@26794848</td></tr>
</table><p>
</body>
</html>