<?xml version="1.0" encoding="UTF-8"?>
<!-- Generated by org.testng.reporters.JUnitXMLReporter -->
<testsuite ignored="0" hostname="DESKTOP-2G50FIL" failures="1" tests="4" name="Test" time="333.436" errors="0" timestamp="2024-03-22T09:23:57 IST">
  <testcase classname="io.cucumber.testng.AbstractTestNGCucumberTests" name="runScenario" time="51.104">
    <skipped/>
  </testcase> <!-- runScenario -->
  <testcase classname="io.cucumber.testng.AbstractTestNGCucumberTests" name="runScenario" time="67.573">
    <skipped/>
  </testcase> <!-- runScenario -->
  <testcase classname="io.cucumber.testng.AbstractTestNGCucumberTests" name="runScenario" time="109.242">
    <skipped/>
  </testcase> <!-- runScenario -->
  <testcase classname="io.cucumber.testng.AbstractTestNGCucumberTests" name="runScenario" time="66.089">
    <failure type="java.lang.AssertionError" message="expected [Swag Labs1] but found [Swag Labs]">
      <![CDATA[java.lang.AssertionError: expected [Swag Labs1] but found [Swag Labs]
at stepDefs.Login.i_should_be_redirected_to_the_dashboard(Login.java:45)
at âœ½.I should be redirected to the dashboard(file:///C:/Users/Venkatesh/git/seleniumTest/Seleniumtest/src/test/resources/Features/Login.feature:10)
... Removed 6 stack frames]]>
    </failure>
  </testcase> <!-- runScenario -->
</testsuite> <!-- Test -->
