<?xml version="1.0" encoding="UTF-8"?>
<!-- Generated by org.testng.reporters.JUnitReportReporter -->
<testsuite hostname="DESKTOP-2G50FIL" failures="1" tests="4" name="runners.UserAuthTest" time="294.008" errors="0" timestamp="2024-03-22T09:24:08 IST" skipped="3">
  <testcase classname="runners.UserAuthTest" name="runScenario" time="66.089">
    <failure message="expected [Swag Labs1] but found [Swag Labs]" type="java.lang.AssertionError">
      <![CDATA[java.lang.AssertionError: expected [Swag Labs1] but found [Swag Labs]
at org.testng.Assert.fail(Assert.java:111)
at org.testng.Assert.failNotEquals(Assert.java:1578)
at org.testng.Assert.assertEqualsImpl(Assert.java:150)
at org.testng.Assert.assertEquals(Assert.java:132)
at org.testng.Assert.assertEquals(Assert.java:656)
at org.testng.Assert.assertEquals(Assert.java:666)
at stepDefs.Login.i_should_be_redirected_to_the_dashboard(Login.java:45)
at âœ½.I should be redirected to the dashboard(file:///C:/Users/Venkatesh/git/seleniumTest/Seleniumtest/src/test/resources/Features/Login.feature:10)
]]>
    </failure>
  </testcase> <!-- runScenario -->
  <testcase classname="runners.UserAuthTest" name="runScenario" time="51.104">
    <skipped/>
  </testcase> <!-- runScenario -->
  <testcase classname="runners.UserAuthTest" name="runScenario" time="109.242">
    <skipped/>
  </testcase> <!-- runScenario -->
  <testcase classname="runners.UserAuthTest" name="runScenario" time="67.573">
    <skipped/>
  </testcase> <!-- runScenario -->
</testsuite> <!-- runners.UserAuthTest -->
